<?xml version="1.0" encoding="UTF-8"?>
<testng-results ignored="0" total="1" passed="1" failed="0" skipped="0">
  <reporter-output>
    <line>
      <![CDATA[No of rows are::8]]>
    </line>
    <line>
      <![CDATA[Login Success   dashboard     http://webapp.qedgetech.com/dashboard.php]]>
    </line>
    <line>
      <![CDATA[Incorrect user ID or password    dashboard     http://webapp.qedgetech.com/login.php]]>
    </line>
    <line>
      <![CDATA[Incorrect user ID or password    dashboard     http://webapp.qedgetech.com/login.php]]>
    </line>
    <line>
      <![CDATA[Login Success   dashboard     http://webapp.qedgetech.com/dashboard.php]]>
    </line>
    <line>
      <![CDATA[Login Success   dashboard     http://webapp.qedgetech.com/dashboard.php]]>
    </line>
    <line>
      <![CDATA[Incorrect user ID or password    dashboard     http://webapp.qedgetech.com/login.php]]>
    </line>
    <line>
      <![CDATA[Incorrect user ID or password    dashboard     http://webapp.qedgetech.com/login.php]]>
    </line>
    <line>
      <![CDATA[Login Success   dashboard     http://webapp.qedgetech.com/dashboard.php]]>
    </line>
  </reporter-output>
  <suite started-at="2025-06-17T20:03:47 IST" name="Surefire suite" finished-at="2025-06-17T20:04:41 IST" duration-ms="53741">
    <groups>
    </groups>
    <test started-at="2025-06-17T20:03:47 IST" name="Surefire test" finished-at="2025-06-17T20:04:41 IST" duration-ms="53741">
      <class name="driverFactory.AppTest">
        <test-method is-config="true" signature="setUp()[pri:0, instance:driverFactory.AppTest@3daa422a]" started-at="2025-06-17T20:03:47 IST" name="setUp" finished-at="2025-06-17T20:03:50 IST" duration-ms="2446" status="PASS">
          <reporter-output>
          </reporter-output>
        </test-method> <!-- setUp -->
        <test-method signature="startTest()[pri:0, instance:driverFactory.AppTest@3daa422a]" started-at="2025-06-17T20:03:50 IST" name="startTest" finished-at="2025-06-17T20:04:40 IST" duration-ms="50520" status="PASS">
          <reporter-output>
            <line>
              <![CDATA[No of rows are::8]]>
            </line>
            <line>
              <![CDATA[Login Success   dashboard     http://webapp.qedgetech.com/dashboard.php]]>
            </line>
            <line>
              <![CDATA[Incorrect user ID or password    dashboard     http://webapp.qedgetech.com/login.php]]>
            </line>
            <line>
              <![CDATA[Incorrect user ID or password    dashboard     http://webapp.qedgetech.com/login.php]]>
            </line>
            <line>
              <![CDATA[Login Success   dashboard     http://webapp.qedgetech.com/dashboard.php]]>
            </line>
            <line>
              <![CDATA[Login Success   dashboard     http://webapp.qedgetech.com/dashboard.php]]>
            </line>
            <line>
              <![CDATA[Incorrect user ID or password    dashboard     http://webapp.qedgetech.com/login.php]]>
            </line>
            <line>
              <![CDATA[Incorrect user ID or password    dashboard     http://webapp.qedgetech.com/login.php]]>
            </line>
            <line>
              <![CDATA[Login Success   dashboard     http://webapp.qedgetech.com/dashboard.php]]>
            </line>
          </reporter-output>
        </test-method> <!-- startTest -->
        <test-method is-config="true" signature="tearDown()[pri:0, instance:driverFactory.AppTest@3daa422a]" started-at="2025-06-17T20:04:41 IST" name="tearDown" finished-at="2025-06-17T20:04:41 IST" duration-ms="660" status="PASS">
          <reporter-output>
          </reporter-output>
        </test-method> <!-- tearDown -->
      </class> <!-- driverFactory.AppTest -->
    </test> <!-- Surefire test -->
  </suite> <!-- Surefire suite -->
</testng-results>
